<?xml version="1.0" encoding="UTF-8"?>
<!-- Generated by org.testng.reporters.JUnitXMLReporter -->
<testsuite ignored="4" hostname="Eliza" failures="0" tests="1" name="ChromeTest" time="15.932" errors="0" timestamp="2025-03-28T10:06:20 IST">
  <testcase classname="testscript.LoginPageTest" name="verifyUsercanLoginwithWrongUsernameandWrongpwd" time="2.326"/>
  <testcase classname="testscript.LoginPageTest" name="verifyUserLogin" time="0.0">
    <ignored/>
  </testcase> <!-- verifyUserLogin -->
  <testcase classname="testscript.Base" name="beforeMethod" time="0.0">
    <ignored/>
  </testcase> <!-- beforeMethod -->
  <testcase classname="testscript.LoginPageTest" name="verifyUsercanLoginwithCorrectUsernameandIncorrectpwd" time="0.0">
    <ignored/>
  </testcase> <!-- verifyUsercanLoginwithCorrectUsernameandIncorrectpwd -->
  <testcase classname="testscript.LoginPageTest" name="verifyUsercanLoginwithWrongUsernameandCorrectpwd" time="0.0">
    <ignored/>
  </testcase> <!-- verifyUsercanLoginwithWrongUsernameandCorrectpwd -->
</testsuite> <!-- ChromeTest -->
