<?xml version="1.0" encoding="UTF-8"?>
<!-- Generated by org.testng.reporters.JUnitXMLReporter -->
<testsuite ignored="2" hostname="Eliza" failures="0" tests="1" name="EdgeTest" time="32.946" errors="0" timestamp="2025-04-03T10:16:36 IST">
  <testcase classname="testscript.AddCategoryPageTest" name="verifyUserCanAddaNewCategory" time="5.327"/>
  <testcase classname="testscript.AddCategoryPageTest" name="verifyNewButton" time="0.0">
    <ignored/>
  </testcase> <!-- verifyNewButton -->
  <testcase classname="testscript.Base" name="beforeMethod" time="0.0">
    <ignored/>
  </testcase> <!-- beforeMethod -->
</testsuite> <!-- EdgeTest -->
