<?xml version="1.0" encoding="UTF-8"?>
<!-- Generated by org.testng.reporters.JUnitXMLReporter -->
<testsuite ignored="0" hostname="Eliza" failures="0" tests="5" name="chromeTest" time="55.139" errors="0" timestamp="2025-04-03T10:15:39 IST">
  <testcase classname="testscript.AddCategoryPageTest" name="verifyNewButton" time="4.836"/>
  <testcase classname="testscript.AddCategoryPageTest" name="verifyUserCanAddaNewCategory" time="20.111"/>
  <testcase classname="testscript.Base" name="beforeMethod" time="3.635"/>
  <testcase classname="testscript.Base" name="beforeMethod" time="2.858"/>
  <testcase classname="testscript.HomePageTest" name="verifyLogout" time="4.333"/>
</testsuite> <!-- chromeTest -->
